
0 rows deleted.


0 rows deleted.


0 rows deleted.


0 rows deleted.

INSERTING into CHAT_LOCATEL.CHAT_TEMA

1 row created.


1 row created.


1 row created.


1 row created.


1 row created.


1 row created.


1 row created.


1 row created.

INSERTING into CHAT_LOCATEL.CHAT_SUBTEMA

1 row created.


1 row created.


1 row created.


1 row created.


1 row created.


1 row created.


1 row created.


1 row created.


1 row created.


1 row created.


1 row created.


1 row created.


1 row created.


1 row created.


1 row created.


1 row created.


1 row created.


1 row created.


1 row created.


1 row created.


1 row created.

ERROR:
ORA-01756: quoted string not properly terminated 


